[2023-02-04 08:36:47] production.ERROR: Expected response code 220 but got an empty response {"userId":4,"exception":"[object] (Swift_TransportException(code: 0): Expected response code 220 but got an empty response at /var/www/html/DACN_LV/vendor/swiftmailer/swiftmailer/lib/classes/Swift/Transport/AbstractSmtpTransport.php:447)
[stacktrace]
#0 /var/www/html/DACN_LV/vendor/swiftmailer/swiftmailer/lib/classes/Swift/Transport/AbstractSmtpTransport.php(360): Swift_Transport_AbstractSmtpTransport->assertResponseCode()
#1 /var/www/html/DACN_LV/vendor/swiftmailer/swiftmailer/lib/classes/Swift/Transport/AbstractSmtpTransport.php(147): Swift_Transport_AbstractSmtpTransport->readGreeting()
#2 /var/www/html/DACN_LV/vendor/swiftmailer/swiftmailer/lib/classes/Swift/Transport/SendmailTransport.php(50): Swift_Transport_AbstractSmtpTransport->start()
#3 /var/www/html/DACN_LV/vendor/swiftmailer/swiftmailer/lib/classes/Swift/Mailer.php(65): Swift_Transport_SendmailTransport->start()
#4 /var/www/html/DACN_LV/vendor/laravel/framework/src/Illuminate/Mail/Mailer.php(484): Swift_Mailer->send()
#5 /var/www/html/DACN_LV/vendor/laravel/framework/src/Illuminate/Mail/Mailer.php(259): Illuminate\\Mail\\Mailer->sendSwiftMessage()
#6 /var/www/html/DACN_LV/vendor/laravel/framework/src/Illuminate/Mail/Mailable.php(159): Illuminate\\Mail\\Mailer->send()
#7 /var/www/html/DACN_LV/vendor/laravel/framework/src/Illuminate/Support/Traits/Localizable.php(19): Illuminate\\Mail\\Mailable->Illuminate\\Mail\\{closure}()
#8 /var/www/html/DACN_LV/vendor/laravel/framework/src/Illuminate/Mail/Mailable.php(160): Illuminate\\Mail\\Mailable->withLocale()
#9 /var/www/html/DACN_LV/vendor/laravel/framework/src/Illuminate/Mail/Mailer.php(275): Illuminate\\Mail\\Mailable->send()
#10 /var/www/html/DACN_LV/vendor/laravel/framework/src/Illuminate/Mail/Mailer.php(229): Illuminate\\Mail\\Mailer->sendMailable()
#11 /var/www/html/DACN_LV/vendor/laravel/framework/src/Illuminate/Mail/PendingMail.php(127): Illuminate\\Mail\\Mailer->send()
#12 /var/www/html/DACN_LV/modules/Contact/Controllers/ContactController.php(60): Illuminate\\Mail\\PendingMail->send()
#13 /var/www/html/DACN_LV/modules/Contact/Controllers/ContactController.php(52): Modules\\Contact\\Controllers\\ContactController->sendEmail()
#14 [internal function]: Modules\\Contact\\Controllers\\ContactController->store()
#15 /var/www/html/DACN_LV/vendor/laravel/framework/src/Illuminate/Routing/Controller.php(54): call_user_func_array()
#16 /var/www/html/DACN_LV/vendor/laravel/framework/src/Illuminate/Routing/ControllerDispatcher.php(45): Illuminate\\Routing\\Controller->callAction()
#17 /var/www/html/DACN_LV/vendor/laravel/framework/src/Illuminate/Routing/Route.php(219): Illuminate\\Routing\\ControllerDispatcher->dispatch()
#18 /var/www/html/DACN_LV/vendor/laravel/framework/src/Illuminate/Routing/Route.php(176): Illuminate\\Routing\\Route->runController()
#19 /var/www/html/DACN_LV/vendor/laravel/framework/src/Illuminate/Routing/Router.php(680): Illuminate\\Routing\\Route->run()
#20 /var/www/html/DACN_LV/vendor/laravel/framework/src/Illuminate/Routing/Pipeline.php(30): Illuminate\\Routing\\Router->Illuminate\\Routing\\{closure}()
#21 /var/www/html/DACN_LV/app/Http/Middleware/HideDebugbar.php(25): Illuminate\\Routing\\Pipeline->Illuminate\\Routing\\{closure}()
#22 /var/www/html/DACN_LV/vendor/laravel/framework/src/Illuminate/Pipeline/Pipeline.php(163): App\\Http\\Middleware\\HideDebugbar->handle()
#23 /var/www/html/DACN_LV/vendor/laravel/framework/src/Illuminate/Routing/Pipeline.php(53): Illuminate\\Pipeline\\Pipeline->Illuminate\\Pipeline\\{closure}()
#24 /var/www/html/DACN_LV/app/Http/Middleware/ChangeLocaleFromSettings.php(25): Illuminate\\Routing\\Pipeline->Illuminate\\Routing\\{closure}()
#25 /var/www/html/DACN_LV/vendor/laravel/framework/src/Illuminate/Pipeline/Pipeline.php(163): App\\Http\\Middleware\\ChangeLocaleFromSettings->handle()
#26 /var/www/html/DACN_LV/vendor/laravel/framework/src/Illuminate/Routing/Pipeline.php(53): Illuminate\\Pipeline\\Pipeline->Illuminate\\Pipeline\\{closure}()
#27 /var/www/html/DACN_LV/vendor/laravel/framework/src/Illuminate/Routing/Middleware/SubstituteBindings.php(41): Illuminate\\Routing\\Pipeline->Illuminate\\Routing\\{closure}()
#28 /var/www/html/DACN_LV/vendor/laravel/framework/src/Illuminate/Pipeline/Pipeline.php(163): Illuminate\\Routing\\Middleware\\SubstituteBindings->handle()
#29 /var/www/html/DACN_LV/vendor/laravel/framework/src/Illuminate/Routing/Pipeline.php(53): Illuminate\\Pipeline\\Pipeline->Illuminate\\Pipeline\\{closure}()
#30 /var/www/html/DACN_LV/vendor/laravel/framework/src/Illuminate/Foundation/Http/Middleware/VerifyCsrfToken.php(75): Illuminate\\Routing\\Pipeline->Illuminate\\Routing\\{closure}()
#31 /var/www/html/DACN_LV/vendor/laravel/framework/src/Illuminate/Pipeline/Pipeline.php(163): Illuminate\\Foundation\\Http\\Middleware\\VerifyCsrfToken->handle()
#32 /var/www/html/DACN_LV/vendor/laravel/framework/src/Illuminate/Routing/Pipeline.php(53): Illuminate\\Pipeline\\Pipeline->Illuminate\\Pipeline\\{closure}()
#33 /var/www/html/DACN_LV/vendor/laravel/framework/src/Illuminate/View/Middleware/ShareErrorsFromSession.php(49): Illuminate\\Routing\\Pipeline->Illuminate\\Routing\\{closure}()
#34 /var/www/html/DACN_LV/vendor/laravel/framework/src/Illuminate/Pipeline/Pipeline.php(163): Illuminate\\View\\Middleware\\ShareErrorsFromSession->handle()
#35 /var/www/html/DACN_LV/vendor/laravel/framework/src/Illuminate/Routing/Pipeline.php(53): Illuminate\\Pipeline\\Pipeline->Illuminate\\Pipeline\\{closure}()
#36 /var/www/html/DACN_LV/vendor/laravel/framework/src/Illuminate/Session/Middleware/StartSession.php(56): Illuminate\\Routing\\Pipeline->Illuminate\\Routing\\{closure}()
#37 /var/www/html/DACN_LV/vendor/laravel/framework/src/Illuminate/Pipeline/Pipeline.php(163): Illuminate\\Session\\Middleware\\StartSession->handle()
#38 /var/www/html/DACN_LV/vendor/laravel/framework/src/Illuminate/Routing/Pipeline.php(53): Illuminate\\Pipeline\\Pipeline->Illuminate\\Pipeline\\{closure}()
#39 /var/www/html/DACN_LV/vendor/laravel/framework/src/Illuminate/Cookie/Middleware/AddQueuedCookiesToResponse.php(37): Illuminate\\Routing\\Pipeline->Illuminate\\Routing\\{closure}()
#40 /var/www/html/DACN_LV/vendor/laravel/framework/src/Illuminate/Pipeline/Pipeline.php(163): Illuminate\\Cookie\\Middleware\\AddQueuedCookiesToResponse->handle()
#41 /var/www/html/DACN_LV/vendor/laravel/framework/src/Illuminate/Routing/Pipeline.php(53): Illuminate\\Pipeline\\Pipeline->Illuminate\\Pipeline\\{closure}()
#42 /var/www/html/DACN_LV/vendor/laravel/framework/src/Illuminate/Cookie/Middleware/EncryptCookies.php(66): Illuminate\\Routing\\Pipeline->Illuminate\\Routing\\{closure}()
#43 /var/www/html/DACN_LV/vendor/laravel/framework/src/Illuminate/Pipeline/Pipeline.php(163): Illuminate\\Cookie\\Middleware\\EncryptCookies->handle()
#44 /var/www/html/DACN_LV/vendor/laravel/framework/src/Illuminate/Routing/Pipeline.php(53): Illuminate\\Pipeline\\Pipeline->Illuminate\\Pipeline\\{closure}()
#45 /var/www/html/DACN_LV/vendor/laravel/framework/src/Illuminate/Pipeline/Pipeline.php(104): Illuminate\\Routing\\Pipeline->Illuminate\\Routing\\{closure}()
#46 /var/www/html/DACN_LV/vendor/laravel/framework/src/Illuminate/Routing/Router.php(682): Illuminate\\Pipeline\\Pipeline->then()
#47 /var/www/html/DACN_LV/vendor/laravel/framework/src/Illuminate/Routing/Router.php(657): Illuminate\\Routing\\Router->runRouteWithinStack()
#48 /var/www/html/DACN_LV/vendor/laravel/framework/src/Illuminate/Routing/Router.php(623): Illuminate\\Routing\\Router->runRoute()
#49 /var/www/html/DACN_LV/vendor/laravel/framework/src/Illuminate/Routing/Router.php(612): Illuminate\\Routing\\Router->dispatchToRoute()
#50 /var/www/html/DACN_LV/vendor/laravel/framework/src/Illuminate/Foundation/Http/Kernel.php(176): Illuminate\\Routing\\Router->dispatch()
#51 /var/www/html/DACN_LV/vendor/laravel/framework/src/Illuminate/Routing/Pipeline.php(30): Illuminate\\Foundation\\Http\\Kernel->Illuminate\\Foundation\\Http\\{closure}()
#52 /var/www/html/DACN_LV/vendor/barryvdh/laravel-debugbar/src/Middleware/InjectDebugbar.php(58): Illuminate\\Routing\\Pipeline->Illuminate\\Routing\\{closure}()
#53 /var/www/html/DACN_LV/vendor/laravel/framework/src/Illuminate/Pipeline/Pipeline.php(163): Barryvdh\\Debugbar\\Middleware\\InjectDebugbar->handle()
#54 /var/www/html/DACN_LV/vendor/laravel/framework/src/Illuminate/Routing/Pipeline.php(53): Illuminate\\Pipeline\\Pipeline->Illuminate\\Pipeline\\{closure}()
#55 /var/www/html/DACN_LV/app/Http/Middleware/InitConfigsFromDatabase.php(35): Illuminate\\Routing\\Pipeline->Illuminate\\Routing\\{closure}()
#56 /var/www/html/DACN_LV/vendor/laravel/framework/src/Illuminate/Pipeline/Pipeline.php(163): App\\Http\\Middleware\\InitConfigsFromDatabase->handle()
#57 /var/www/html/DACN_LV/vendor/laravel/framework/src/Illuminate/Routing/Pipeline.php(53): Illuminate\\Pipeline\\Pipeline->Illuminate\\Pipeline\\{closure}()
#58 /var/www/html/DACN_LV/vendor/fideloper/proxy/src/TrustProxies.php(57): Illuminate\\Routing\\Pipeline->Illuminate\\Routing\\{closure}()
#59 /var/www/html/DACN_LV/vendor/laravel/framework/src/Illuminate/Pipeline/Pipeline.php(163): Fideloper\\Proxy\\TrustProxies->handle()
#60 /var/www/html/DACN_LV/vendor/laravel/framework/src/Illuminate/Routing/Pipeline.php(53): Illuminate\\Pipeline\\Pipeline->Illuminate\\Pipeline\\{closure}()
#61 /var/www/html/DACN_LV/vendor/laravel/framework/src/Illuminate/Foundation/Http/Middleware/TransformsRequest.php(21): Illuminate\\Routing\\Pipeline->Illuminate\\Routing\\{closure}()
#62 /var/www/html/DACN_LV/vendor/laravel/framework/src/Illuminate/Pipeline/Pipeline.php(163): Illuminate\\Foundation\\Http\\Middleware\\TransformsRequest->handle()
#63 /var/www/html/DACN_LV/vendor/laravel/framework/src/Illuminate/Routing/Pipeline.php(53): Illuminate\\Pipeline\\Pipeline->Illuminate\\Pipeline\\{closure}()
#64 /var/www/html/DACN_LV/vendor/laravel/framework/src/Illuminate/Foundation/Http/Middleware/TransformsRequest.php(21): Illuminate\\Routing\\Pipeline->Illuminate\\Routing\\{closure}()
#65 /var/www/html/DACN_LV/vendor/laravel/framework/src/Illuminate/Pipeline/Pipeline.php(163): Illuminate\\Foundation\\Http\\Middleware\\TransformsRequest->handle()
#66 /var/www/html/DACN_LV/vendor/laravel/framework/src/Illuminate/Routing/Pipeline.php(53): Illuminate\\Pipeline\\Pipeline->Illuminate\\Pipeline\\{closure}()
#67 /var/www/html/DACN_LV/vendor/laravel/framework/src/Illuminate/Foundation/Http/Middleware/ValidatePostSize.php(27): Illuminate\\Routing\\Pipeline->Illuminate\\Routing\\{closure}()
#68 /var/www/html/DACN_LV/vendor/laravel/framework/src/Illuminate/Pipeline/Pipeline.php(163): Illuminate\\Foundation\\Http\\Middleware\\ValidatePostSize->handle()
#69 /var/www/html/DACN_LV/vendor/laravel/framework/src/Illuminate/Routing/Pipeline.php(53): Illuminate\\Pipeline\\Pipeline->Illuminate\\Pipeline\\{closure}()
#70 /var/www/html/DACN_LV/vendor/laravel/framework/src/Illuminate/Foundation/Http/Middleware/CheckForMaintenanceMode.php(62): Illuminate\\Routing\\Pipeline->Illuminate\\Routing\\{closure}()
#71 /var/www/html/DACN_LV/vendor/laravel/framework/src/Illuminate/Pipeline/Pipeline.php(163): Illuminate\\Foundation\\Http\\Middleware\\CheckForMaintenanceMode->handle()
#72 /var/www/html/DACN_LV/vendor/laravel/framework/src/Illuminate/Routing/Pipeline.php(53): Illuminate\\Pipeline\\Pipeline->Illuminate\\Pipeline\\{closure}()
#73 /var/www/html/DACN_LV/app/Http/Middleware/RedirectToInstaller.php(32): Illuminate\\Routing\\Pipeline->Illuminate\\Routing\\{closure}()
#74 /var/www/html/DACN_LV/vendor/laravel/framework/src/Illuminate/Pipeline/Pipeline.php(163): App\\Http\\Middleware\\RedirectToInstaller->handle()
#75 /var/www/html/DACN_LV/vendor/laravel/framework/src/Illuminate/Routing/Pipeline.php(53): Illuminate\\Pipeline\\Pipeline->Illuminate\\Pipeline\\{closure}()
#76 /var/www/html/DACN_LV/vendor/laravel/framework/src/Illuminate/Pipeline/Pipeline.php(104): Illuminate\\Routing\\Pipeline->Illuminate\\Routing\\{closure}()
#77 /var/www/html/DACN_LV/vendor/laravel/framework/src/Illuminate/Foundation/Http/Kernel.php(151): Illuminate\\Pipeline\\Pipeline->then()
#78 /var/www/html/DACN_LV/vendor/laravel/framework/src/Illuminate/Foundation/Http/Kernel.php(116): Illuminate\\Foundation\\Http\\Kernel->sendRequestThroughRouter()
#79 /var/www/html/DACN_LV/public/index.php(55): Illuminate\\Foundation\\Http\\Kernel->handle()
#80 /var/www/html/DACN_LV/server.php(21): require_once('/var/www/html/D...')
#81 {main}
"} 
[2023-02-04 08:36:55] production.ERROR: Expected response code 220 but got an empty response {"userId":4,"exception":"[object] (Swift_TransportException(code: 0): Expected response code 220 but got an empty response at /var/www/html/DACN_LV/vendor/swiftmailer/swiftmailer/lib/classes/Swift/Transport/AbstractSmtpTransport.php:447)
[stacktrace]
#0 /var/www/html/DACN_LV/vendor/swiftmailer/swiftmailer/lib/classes/Swift/Transport/AbstractSmtpTransport.php(360): Swift_Transport_AbstractSmtpTransport->assertResponseCode()
#1 /var/www/html/DACN_LV/vendor/swiftmailer/swiftmailer/lib/classes/Swift/Transport/AbstractSmtpTransport.php(147): Swift_Transport_AbstractSmtpTransport->readGreeting()
#2 /var/www/html/DACN_LV/vendor/swiftmailer/swiftmailer/lib/classes/Swift/Transport/SendmailTransport.php(50): Swift_Transport_AbstractSmtpTransport->start()
#3 /var/www/html/DACN_LV/vendor/swiftmailer/swiftmailer/lib/classes/Swift/Mailer.php(65): Swift_Transport_SendmailTransport->start()
#4 /var/www/html/DACN_LV/vendor/laravel/framework/src/Illuminate/Mail/Mailer.php(484): Swift_Mailer->send()
#5 /var/www/html/DACN_LV/vendor/laravel/framework/src/Illuminate/Mail/Mailer.php(259): Illuminate\\Mail\\Mailer->sendSwiftMessage()
#6 /var/www/html/DACN_LV/vendor/laravel/framework/src/Illuminate/Mail/Mailable.php(159): Illuminate\\Mail\\Mailer->send()
#7 /var/www/html/DACN_LV/vendor/laravel/framework/src/Illuminate/Support/Traits/Localizable.php(19): Illuminate\\Mail\\Mailable->Illuminate\\Mail\\{closure}()
#8 /var/www/html/DACN_LV/vendor/laravel/framework/src/Illuminate/Mail/Mailable.php(160): Illuminate\\Mail\\Mailable->withLocale()
#9 /var/www/html/DACN_LV/vendor/laravel/framework/src/Illuminate/Mail/Mailer.php(275): Illuminate\\Mail\\Mailable->send()
#10 /var/www/html/DACN_LV/vendor/laravel/framework/src/Illuminate/Mail/Mailer.php(229): Illuminate\\Mail\\Mailer->sendMailable()
#11 /var/www/html/DACN_LV/vendor/laravel/framework/src/Illuminate/Mail/PendingMail.php(127): Illuminate\\Mail\\Mailer->send()
#12 /var/www/html/DACN_LV/modules/Contact/Controllers/ContactController.php(60): Illuminate\\Mail\\PendingMail->send()
#13 /var/www/html/DACN_LV/modules/Contact/Controllers/ContactController.php(52): Modules\\Contact\\Controllers\\ContactController->sendEmail()
#14 [internal function]: Modules\\Contact\\Controllers\\ContactController->store()
#15 /var/www/html/DACN_LV/vendor/laravel/framework/src/Illuminate/Routing/Controller.php(54): call_user_func_array()
#16 /var/www/html/DACN_LV/vendor/laravel/framework/src/Illuminate/Routing/ControllerDispatcher.php(45): Illuminate\\Routing\\Controller->callAction()
#17 /var/www/html/DACN_LV/vendor/laravel/framework/src/Illuminate/Routing/Route.php(219): Illuminate\\Routing\\ControllerDispatcher->dispatch()
#18 /var/www/html/DACN_LV/vendor/laravel/framework/src/Illuminate/Routing/Route.php(176): Illuminate\\Routing\\Route->runController()
#19 /var/www/html/DACN_LV/vendor/laravel/framework/src/Illuminate/Routing/Router.php(680): Illuminate\\Routing\\Route->run()
#20 /var/www/html/DACN_LV/vendor/laravel/framework/src/Illuminate/Routing/Pipeline.php(30): Illuminate\\Routing\\Router->Illuminate\\Routing\\{closure}()
#21 /var/www/html/DACN_LV/app/Http/Middleware/HideDebugbar.php(25): Illuminate\\Routing\\Pipeline->Illuminate\\Routing\\{closure}()
#22 /var/www/html/DACN_LV/vendor/laravel/framework/src/Illuminate/Pipeline/Pipeline.php(163): App\\Http\\Middleware\\HideDebugbar->handle()
#23 /var/www/html/DACN_LV/vendor/laravel/framework/src/Illuminate/Routing/Pipeline.php(53): Illuminate\\Pipeline\\Pipeline->Illuminate\\Pipeline\\{closure}()
#24 /var/www/html/DACN_LV/app/Http/Middleware/ChangeLocaleFromSettings.php(25): Illuminate\\Routing\\Pipeline->Illuminate\\Routing\\{closure}()
#25 /var/www/html/DACN_LV/vendor/laravel/framework/src/Illuminate/Pipeline/Pipeline.php(163): App\\Http\\Middleware\\ChangeLocaleFromSettings->handle()
#26 /var/www/html/DACN_LV/vendor/laravel/framework/src/Illuminate/Routing/Pipeline.php(53): Illuminate\\Pipeline\\Pipeline->Illuminate\\Pipeline\\{closure}()
#27 /var/www/html/DACN_LV/vendor/laravel/framework/src/Illuminate/Routing/Middleware/SubstituteBindings.php(41): Illuminate\\Routing\\Pipeline->Illuminate\\Routing\\{closure}()
#28 /var/www/html/DACN_LV/vendor/laravel/framework/src/Illuminate/Pipeline/Pipeline.php(163): Illuminate\\Routing\\Middleware\\SubstituteBindings->handle()
#29 /var/www/html/DACN_LV/vendor/laravel/framework/src/Illuminate/Routing/Pipeline.php(53): Illuminate\\Pipeline\\Pipeline->Illuminate\\Pipeline\\{closure}()
#30 /var/www/html/DACN_LV/vendor/laravel/framework/src/Illuminate/Foundation/Http/Middleware/VerifyCsrfToken.php(75): Illuminate\\Routing\\Pipeline->Illuminate\\Routing\\{closure}()
#31 /var/www/html/DACN_LV/vendor/laravel/framework/src/Illuminate/Pipeline/Pipeline.php(163): Illuminate\\Foundation\\Http\\Middleware\\VerifyCsrfToken->handle()
#32 /var/www/html/DACN_LV/vendor/laravel/framework/src/Illuminate/Routing/Pipeline.php(53): Illuminate\\Pipeline\\Pipeline->Illuminate\\Pipeline\\{closure}()
#33 /var/www/html/DACN_LV/vendor/laravel/framework/src/Illuminate/View/Middleware/ShareErrorsFromSession.php(49): Illuminate\\Routing\\Pipeline->Illuminate\\Routing\\{closure}()
#34 /var/www/html/DACN_LV/vendor/laravel/framework/src/Illuminate/Pipeline/Pipeline.php(163): Illuminate\\View\\Middleware\\ShareErrorsFromSession->handle()
#35 /var/www/html/DACN_LV/vendor/laravel/framework/src/Illuminate/Routing/Pipeline.php(53): Illuminate\\Pipeline\\Pipeline->Illuminate\\Pipeline\\{closure}()
#36 /var/www/html/DACN_LV/vendor/laravel/framework/src/Illuminate/Session/Middleware/StartSession.php(56): Illuminate\\Routing\\Pipeline->Illuminate\\Routing\\{closure}()
#37 /var/www/html/DACN_LV/vendor/laravel/framework/src/Illuminate/Pipeline/Pipeline.php(163): Illuminate\\Session\\Middleware\\StartSession->handle()
#38 /var/www/html/DACN_LV/vendor/laravel/framework/src/Illuminate/Routing/Pipeline.php(53): Illuminate\\Pipeline\\Pipeline->Illuminate\\Pipeline\\{closure}()
#39 /var/www/html/DACN_LV/vendor/laravel/framework/src/Illuminate/Cookie/Middleware/AddQueuedCookiesToResponse.php(37): Illuminate\\Routing\\Pipeline->Illuminate\\Routing\\{closure}()
#40 /var/www/html/DACN_LV/vendor/laravel/framework/src/Illuminate/Pipeline/Pipeline.php(163): Illuminate\\Cookie\\Middleware\\AddQueuedCookiesToResponse->handle()
#41 /var/www/html/DACN_LV/vendor/laravel/framework/src/Illuminate/Routing/Pipeline.php(53): Illuminate\\Pipeline\\Pipeline->Illuminate\\Pipeline\\{closure}()
#42 /var/www/html/DACN_LV/vendor/laravel/framework/src/Illuminate/Cookie/Middleware/EncryptCookies.php(66): Illuminate\\Routing\\Pipeline->Illuminate\\Routing\\{closure}()
#43 /var/www/html/DACN_LV/vendor/laravel/framework/src/Illuminate/Pipeline/Pipeline.php(163): Illuminate\\Cookie\\Middleware\\EncryptCookies->handle()
#44 /var/www/html/DACN_LV/vendor/laravel/framework/src/Illuminate/Routing/Pipeline.php(53): Illuminate\\Pipeline\\Pipeline->Illuminate\\Pipeline\\{closure}()
#45 /var/www/html/DACN_LV/vendor/laravel/framework/src/Illuminate/Pipeline/Pipeline.php(104): Illuminate\\Routing\\Pipeline->Illuminate\\Routing\\{closure}()
#46 /var/www/html/DACN_LV/vendor/laravel/framework/src/Illuminate/Routing/Router.php(682): Illuminate\\Pipeline\\Pipeline->then()
#47 /var/www/html/DACN_LV/vendor/laravel/framework/src/Illuminate/Routing/Router.php(657): Illuminate\\Routing\\Router->runRouteWithinStack()
#48 /var/www/html/DACN_LV/vendor/laravel/framework/src/Illuminate/Routing/Router.php(623): Illuminate\\Routing\\Router->runRoute()
#49 /var/www/html/DACN_LV/vendor/laravel/framework/src/Illuminate/Routing/Router.php(612): Illuminate\\Routing\\Router->dispatchToRoute()
#50 /var/www/html/DACN_LV/vendor/laravel/framework/src/Illuminate/Foundation/Http/Kernel.php(176): Illuminate\\Routing\\Router->dispatch()
#51 /var/www/html/DACN_LV/vendor/laravel/framework/src/Illuminate/Routing/Pipeline.php(30): Illuminate\\Foundation\\Http\\Kernel->Illuminate\\Foundation\\Http\\{closure}()
#52 /var/www/html/DACN_LV/vendor/barryvdh/laravel-debugbar/src/Middleware/InjectDebugbar.php(58): Illuminate\\Routing\\Pipeline->Illuminate\\Routing\\{closure}()
#53 /var/www/html/DACN_LV/vendor/laravel/framework/src/Illuminate/Pipeline/Pipeline.php(163): Barryvdh\\Debugbar\\Middleware\\InjectDebugbar->handle()
#54 /var/www/html/DACN_LV/vendor/laravel/framework/src/Illuminate/Routing/Pipeline.php(53): Illuminate\\Pipeline\\Pipeline->Illuminate\\Pipeline\\{closure}()
#55 /var/www/html/DACN_LV/app/Http/Middleware/InitConfigsFromDatabase.php(35): Illuminate\\Routing\\Pipeline->Illuminate\\Routing\\{closure}()
#56 /var/www/html/DACN_LV/vendor/laravel/framework/src/Illuminate/Pipeline/Pipeline.php(163): App\\Http\\Middleware\\InitConfigsFromDatabase->handle()
#57 /var/www/html/DACN_LV/vendor/laravel/framework/src/Illuminate/Routing/Pipeline.php(53): Illuminate\\Pipeline\\Pipeline->Illuminate\\Pipeline\\{closure}()
#58 /var/www/html/DACN_LV/vendor/fideloper/proxy/src/TrustProxies.php(57): Illuminate\\Routing\\Pipeline->Illuminate\\Routing\\{closure}()
#59 /var/www/html/DACN_LV/vendor/laravel/framework/src/Illuminate/Pipeline/Pipeline.php(163): Fideloper\\Proxy\\TrustProxies->handle()
#60 /var/www/html/DACN_LV/vendor/laravel/framework/src/Illuminate/Routing/Pipeline.php(53): Illuminate\\Pipeline\\Pipeline->Illuminate\\Pipeline\\{closure}()
#61 /var/www/html/DACN_LV/vendor/laravel/framework/src/Illuminate/Foundation/Http/Middleware/TransformsRequest.php(21): Illuminate\\Routing\\Pipeline->Illuminate\\Routing\\{closure}()
#62 /var/www/html/DACN_LV/vendor/laravel/framework/src/Illuminate/Pipeline/Pipeline.php(163): Illuminate\\Foundation\\Http\\Middleware\\TransformsRequest->handle()
#63 /var/www/html/DACN_LV/vendor/laravel/framework/src/Illuminate/Routing/Pipeline.php(53): Illuminate\\Pipeline\\Pipeline->Illuminate\\Pipeline\\{closure}()
#64 /var/www/html/DACN_LV/vendor/laravel/framework/src/Illuminate/Foundation/Http/Middleware/TransformsRequest.php(21): Illuminate\\Routing\\Pipeline->Illuminate\\Routing\\{closure}()
#65 /var/www/html/DACN_LV/vendor/laravel/framework/src/Illuminate/Pipeline/Pipeline.php(163): Illuminate\\Foundation\\Http\\Middleware\\TransformsRequest->handle()
#66 /var/www/html/DACN_LV/vendor/laravel/framework/src/Illuminate/Routing/Pipeline.php(53): Illuminate\\Pipeline\\Pipeline->Illuminate\\Pipeline\\{closure}()
#67 /var/www/html/DACN_LV/vendor/laravel/framework/src/Illuminate/Foundation/Http/Middleware/ValidatePostSize.php(27): Illuminate\\Routing\\Pipeline->Illuminate\\Routing\\{closure}()
#68 /var/www/html/DACN_LV/vendor/laravel/framework/src/Illuminate/Pipeline/Pipeline.php(163): Illuminate\\Foundation\\Http\\Middleware\\ValidatePostSize->handle()
#69 /var/www/html/DACN_LV/vendor/laravel/framework/src/Illuminate/Routing/Pipeline.php(53): Illuminate\\Pipeline\\Pipeline->Illuminate\\Pipeline\\{closure}()
#70 /var/www/html/DACN_LV/vendor/laravel/framework/src/Illuminate/Foundation/Http/Middleware/CheckForMaintenanceMode.php(62): Illuminate\\Routing\\Pipeline->Illuminate\\Routing\\{closure}()
#71 /var/www/html/DACN_LV/vendor/laravel/framework/src/Illuminate/Pipeline/Pipeline.php(163): Illuminate\\Foundation\\Http\\Middleware\\CheckForMaintenanceMode->handle()
#72 /var/www/html/DACN_LV/vendor/laravel/framework/src/Illuminate/Routing/Pipeline.php(53): Illuminate\\Pipeline\\Pipeline->Illuminate\\Pipeline\\{closure}()
#73 /var/www/html/DACN_LV/app/Http/Middleware/RedirectToInstaller.php(32): Illuminate\\Routing\\Pipeline->Illuminate\\Routing\\{closure}()
#74 /var/www/html/DACN_LV/vendor/laravel/framework/src/Illuminate/Pipeline/Pipeline.php(163): App\\Http\\Middleware\\RedirectToInstaller->handle()
#75 /var/www/html/DACN_LV/vendor/laravel/framework/src/Illuminate/Routing/Pipeline.php(53): Illuminate\\Pipeline\\Pipeline->Illuminate\\Pipeline\\{closure}()
#76 /var/www/html/DACN_LV/vendor/laravel/framework/src/Illuminate/Pipeline/Pipeline.php(104): Illuminate\\Routing\\Pipeline->Illuminate\\Routing\\{closure}()
#77 /var/www/html/DACN_LV/vendor/laravel/framework/src/Illuminate/Foundation/Http/Kernel.php(151): Illuminate\\Pipeline\\Pipeline->then()
#78 /var/www/html/DACN_LV/vendor/laravel/framework/src/Illuminate/Foundation/Http/Kernel.php(116): Illuminate\\Foundation\\Http\\Kernel->sendRequestThroughRouter()
#79 /var/www/html/DACN_LV/public/index.php(55): Illuminate\\Foundation\\Http\\Kernel->handle()
#80 /var/www/html/DACN_LV/server.php(21): require_once('/var/www/html/D...')
#81 {main}
"} 
[2023-02-04 08:58:50] production.ERROR: Expected response code 220 but got an empty response {"userId":8,"exception":"[object] (Swift_TransportException(code: 0): Expected response code 220 but got an empty response at /var/www/html/DACN_LV/vendor/swiftmailer/swiftmailer/lib/classes/Swift/Transport/AbstractSmtpTransport.php:447)
[stacktrace]
#0 /var/www/html/DACN_LV/vendor/swiftmailer/swiftmailer/lib/classes/Swift/Transport/AbstractSmtpTransport.php(360): Swift_Transport_AbstractSmtpTransport->assertResponseCode()
#1 /var/www/html/DACN_LV/vendor/swiftmailer/swiftmailer/lib/classes/Swift/Transport/AbstractSmtpTransport.php(147): Swift_Transport_AbstractSmtpTransport->readGreeting()
#2 /var/www/html/DACN_LV/vendor/swiftmailer/swiftmailer/lib/classes/Swift/Transport/SendmailTransport.php(50): Swift_Transport_AbstractSmtpTransport->start()
#3 /var/www/html/DACN_LV/vendor/swiftmailer/swiftmailer/lib/classes/Swift/Mailer.php(65): Swift_Transport_SendmailTransport->start()
#4 /var/www/html/DACN_LV/vendor/laravel/framework/src/Illuminate/Mail/Mailer.php(484): Swift_Mailer->send()
#5 /var/www/html/DACN_LV/vendor/laravel/framework/src/Illuminate/Mail/Mailer.php(259): Illuminate\\Mail\\Mailer->sendSwiftMessage()
#6 /var/www/html/DACN_LV/vendor/laravel/framework/src/Illuminate/Mail/Mailable.php(159): Illuminate\\Mail\\Mailer->send()
#7 /var/www/html/DACN_LV/vendor/laravel/framework/src/Illuminate/Support/Traits/Localizable.php(19): Illuminate\\Mail\\Mailable->Illuminate\\Mail\\{closure}()
#8 /var/www/html/DACN_LV/vendor/laravel/framework/src/Illuminate/Mail/Mailable.php(160): Illuminate\\Mail\\Mailable->withLocale()
#9 /var/www/html/DACN_LV/vendor/laravel/framework/src/Illuminate/Mail/Mailer.php(275): Illuminate\\Mail\\Mailable->send()
#10 /var/www/html/DACN_LV/vendor/laravel/framework/src/Illuminate/Mail/Mailer.php(229): Illuminate\\Mail\\Mailer->sendMailable()
#11 /var/www/html/DACN_LV/vendor/laravel/framework/src/Illuminate/Mail/PendingMail.php(127): Illuminate\\Mail\\Mailer->send()
#12 /var/www/html/DACN_LV/modules/User/Listeners/SendMailUserRegisteredListen.php(43): Illuminate\\Mail\\PendingMail->send()
#13 [internal function]: Modules\\User\\Listeners\\SendMailUserRegisteredListen->handle()
#14 /var/www/html/DACN_LV/vendor/laravel/framework/src/Illuminate/Events/Dispatcher.php(366): call_user_func_array()
#15 /var/www/html/DACN_LV/vendor/laravel/framework/src/Illuminate/Events/Dispatcher.php(196): Illuminate\\Events\\Dispatcher->Illuminate\\Events\\{closure}()
#16 /var/www/html/DACN_LV/vendor/laravel/framework/src/Illuminate/Foundation/helpers.php(482): Illuminate\\Events\\Dispatcher->dispatch()
#17 /var/www/html/DACN_LV/modules/User/Controllers/UserController.php(203): event()
#18 [internal function]: Modules\\User\\Controllers\\UserController->userRegister()
#19 /var/www/html/DACN_LV/vendor/laravel/framework/src/Illuminate/Routing/Controller.php(54): call_user_func_array()
#20 /var/www/html/DACN_LV/vendor/laravel/framework/src/Illuminate/Routing/ControllerDispatcher.php(45): Illuminate\\Routing\\Controller->callAction()
#21 /var/www/html/DACN_LV/vendor/laravel/framework/src/Illuminate/Routing/Route.php(219): Illuminate\\Routing\\ControllerDispatcher->dispatch()
#22 /var/www/html/DACN_LV/vendor/laravel/framework/src/Illuminate/Routing/Route.php(176): Illuminate\\Routing\\Route->runController()
#23 /var/www/html/DACN_LV/vendor/laravel/framework/src/Illuminate/Routing/Router.php(680): Illuminate\\Routing\\Route->run()
#24 /var/www/html/DACN_LV/vendor/laravel/framework/src/Illuminate/Routing/Pipeline.php(30): Illuminate\\Routing\\Router->Illuminate\\Routing\\{closure}()
#25 /var/www/html/DACN_LV/app/Http/Middleware/HideDebugbar.php(25): Illuminate\\Routing\\Pipeline->Illuminate\\Routing\\{closure}()
#26 /var/www/html/DACN_LV/vendor/laravel/framework/src/Illuminate/Pipeline/Pipeline.php(163): App\\Http\\Middleware\\HideDebugbar->handle()
#27 /var/www/html/DACN_LV/vendor/laravel/framework/src/Illuminate/Routing/Pipeline.php(53): Illuminate\\Pipeline\\Pipeline->Illuminate\\Pipeline\\{closure}()
#28 /var/www/html/DACN_LV/app/Http/Middleware/ChangeLocaleFromSettings.php(25): Illuminate\\Routing\\Pipeline->Illuminate\\Routing\\{closure}()
#29 /var/www/html/DACN_LV/vendor/laravel/framework/src/Illuminate/Pipeline/Pipeline.php(163): App\\Http\\Middleware\\ChangeLocaleFromSettings->handle()
#30 /var/www/html/DACN_LV/vendor/laravel/framework/src/Illuminate/Routing/Pipeline.php(53): Illuminate\\Pipeline\\Pipeline->Illuminate\\Pipeline\\{closure}()
#31 /var/www/html/DACN_LV/vendor/laravel/framework/src/Illuminate/Routing/Middleware/SubstituteBindings.php(41): Illuminate\\Routing\\Pipeline->Illuminate\\Routing\\{closure}()
#32 /var/www/html/DACN_LV/vendor/laravel/framework/src/Illuminate/Pipeline/Pipeline.php(163): Illuminate\\Routing\\Middleware\\SubstituteBindings->handle()
#33 /var/www/html/DACN_LV/vendor/laravel/framework/src/Illuminate/Routing/Pipeline.php(53): Illuminate\\Pipeline\\Pipeline->Illuminate\\Pipeline\\{closure}()
#34 /var/www/html/DACN_LV/vendor/laravel/framework/src/Illuminate/Foundation/Http/Middleware/VerifyCsrfToken.php(75): Illuminate\\Routing\\Pipeline->Illuminate\\Routing\\{closure}()
#35 /var/www/html/DACN_LV/vendor/laravel/framework/src/Illuminate/Pipeline/Pipeline.php(163): Illuminate\\Foundation\\Http\\Middleware\\VerifyCsrfToken->handle()
#36 /var/www/html/DACN_LV/vendor/laravel/framework/src/Illuminate/Routing/Pipeline.php(53): Illuminate\\Pipeline\\Pipeline->Illuminate\\Pipeline\\{closure}()
#37 /var/www/html/DACN_LV/vendor/laravel/framework/src/Illuminate/View/Middleware/ShareErrorsFromSession.php(49): Illuminate\\Routing\\Pipeline->Illuminate\\Routing\\{closure}()
#38 /var/www/html/DACN_LV/vendor/laravel/framework/src/Illuminate/Pipeline/Pipeline.php(163): Illuminate\\View\\Middleware\\ShareErrorsFromSession->handle()
#39 /var/www/html/DACN_LV/vendor/laravel/framework/src/Illuminate/Routing/Pipeline.php(53): Illuminate\\Pipeline\\Pipeline->Illuminate\\Pipeline\\{closure}()
#40 /var/www/html/DACN_LV/vendor/laravel/framework/src/Illuminate/Session/Middleware/StartSession.php(56): Illuminate\\Routing\\Pipeline->Illuminate\\Routing\\{closure}()
#41 /var/www/html/DACN_LV/vendor/laravel/framework/src/Illuminate/Pipeline/Pipeline.php(163): Illuminate\\Session\\Middleware\\StartSession->handle()
#42 /var/www/html/DACN_LV/vendor/laravel/framework/src/Illuminate/Routing/Pipeline.php(53): Illuminate\\Pipeline\\Pipeline->Illuminate\\Pipeline\\{closure}()
#43 /var/www/html/DACN_LV/vendor/laravel/framework/src/Illuminate/Cookie/Middleware/AddQueuedCookiesToResponse.php(37): Illuminate\\Routing\\Pipeline->Illuminate\\Routing\\{closure}()
#44 /var/www/html/DACN_LV/vendor/laravel/framework/src/Illuminate/Pipeline/Pipeline.php(163): Illuminate\\Cookie\\Middleware\\AddQueuedCookiesToResponse->handle()
#45 /var/www/html/DACN_LV/vendor/laravel/framework/src/Illuminate/Routing/Pipeline.php(53): Illuminate\\Pipeline\\Pipeline->Illuminate\\Pipeline\\{closure}()
#46 /var/www/html/DACN_LV/vendor/laravel/framework/src/Illuminate/Cookie/Middleware/EncryptCookies.php(66): Illuminate\\Routing\\Pipeline->Illuminate\\Routing\\{closure}()
#47 /var/www/html/DACN_LV/vendor/laravel/framework/src/Illuminate/Pipeline/Pipeline.php(163): Illuminate\\Cookie\\Middleware\\EncryptCookies->handle()
#48 /var/www/html/DACN_LV/vendor/laravel/framework/src/Illuminate/Routing/Pipeline.php(53): Illuminate\\Pipeline\\Pipeline->Illuminate\\Pipeline\\{closure}()
#49 /var/www/html/DACN_LV/vendor/laravel/framework/src/Illuminate/Pipeline/Pipeline.php(104): Illuminate\\Routing\\Pipeline->Illuminate\\Routing\\{closure}()
#50 /var/www/html/DACN_LV/vendor/laravel/framework/src/Illuminate/Routing/Router.php(682): Illuminate\\Pipeline\\Pipeline->then()
#51 /var/www/html/DACN_LV/vendor/laravel/framework/src/Illuminate/Routing/Router.php(657): Illuminate\\Routing\\Router->runRouteWithinStack()
#52 /var/www/html/DACN_LV/vendor/laravel/framework/src/Illuminate/Routing/Router.php(623): Illuminate\\Routing\\Router->runRoute()
#53 /var/www/html/DACN_LV/vendor/laravel/framework/src/Illuminate/Routing/Router.php(612): Illuminate\\Routing\\Router->dispatchToRoute()
#54 /var/www/html/DACN_LV/vendor/laravel/framework/src/Illuminate/Foundation/Http/Kernel.php(176): Illuminate\\Routing\\Router->dispatch()
#55 /var/www/html/DACN_LV/vendor/laravel/framework/src/Illuminate/Routing/Pipeline.php(30): Illuminate\\Foundation\\Http\\Kernel->Illuminate\\Foundation\\Http\\{closure}()
#56 /var/www/html/DACN_LV/vendor/barryvdh/laravel-debugbar/src/Middleware/InjectDebugbar.php(58): Illuminate\\Routing\\Pipeline->Illuminate\\Routing\\{closure}()
#57 /var/www/html/DACN_LV/vendor/laravel/framework/src/Illuminate/Pipeline/Pipeline.php(163): Barryvdh\\Debugbar\\Middleware\\InjectDebugbar->handle()
#58 /var/www/html/DACN_LV/vendor/laravel/framework/src/Illuminate/Routing/Pipeline.php(53): Illuminate\\Pipeline\\Pipeline->Illuminate\\Pipeline\\{closure}()
#59 /var/www/html/DACN_LV/app/Http/Middleware/InitConfigsFromDatabase.php(35): Illuminate\\Routing\\Pipeline->Illuminate\\Routing\\{closure}()
#60 /var/www/html/DACN_LV/vendor/laravel/framework/src/Illuminate/Pipeline/Pipeline.php(163): App\\Http\\Middleware\\InitConfigsFromDatabase->handle()
#61 /var/www/html/DACN_LV/vendor/laravel/framework/src/Illuminate/Routing/Pipeline.php(53): Illuminate\\Pipeline\\Pipeline->Illuminate\\Pipeline\\{closure}()
#62 /var/www/html/DACN_LV/vendor/fideloper/proxy/src/TrustProxies.php(57): Illuminate\\Routing\\Pipeline->Illuminate\\Routing\\{closure}()
#63 /var/www/html/DACN_LV/vendor/laravel/framework/src/Illuminate/Pipeline/Pipeline.php(163): Fideloper\\Proxy\\TrustProxies->handle()
#64 /var/www/html/DACN_LV/vendor/laravel/framework/src/Illuminate/Routing/Pipeline.php(53): Illuminate\\Pipeline\\Pipeline->Illuminate\\Pipeline\\{closure}()
#65 /var/www/html/DACN_LV/vendor/laravel/framework/src/Illuminate/Foundation/Http/Middleware/TransformsRequest.php(21): Illuminate\\Routing\\Pipeline->Illuminate\\Routing\\{closure}()
#66 /var/www/html/DACN_LV/vendor/laravel/framework/src/Illuminate/Pipeline/Pipeline.php(163): Illuminate\\Foundation\\Http\\Middleware\\TransformsRequest->handle()
#67 /var/www/html/DACN_LV/vendor/laravel/framework/src/Illuminate/Routing/Pipeline.php(53): Illuminate\\Pipeline\\Pipeline->Illuminate\\Pipeline\\{closure}()
#68 /var/www/html/DACN_LV/vendor/laravel/framework/src/Illuminate/Foundation/Http/Middleware/TransformsRequest.php(21): Illuminate\\Routing\\Pipeline->Illuminate\\Routing\\{closure}()
#69 /var/www/html/DACN_LV/vendor/laravel/framework/src/Illuminate/Pipeline/Pipeline.php(163): Illuminate\\Foundation\\Http\\Middleware\\TransformsRequest->handle()
#70 /var/www/html/DACN_LV/vendor/laravel/framework/src/Illuminate/Routing/Pipeline.php(53): Illuminate\\Pipeline\\Pipeline->Illuminate\\Pipeline\\{closure}()
#71 /var/www/html/DACN_LV/vendor/laravel/framework/src/Illuminate/Foundation/Http/Middleware/ValidatePostSize.php(27): Illuminate\\Routing\\Pipeline->Illuminate\\Routing\\{closure}()
#72 /var/www/html/DACN_LV/vendor/laravel/framework/src/Illuminate/Pipeline/Pipeline.php(163): Illuminate\\Foundation\\Http\\Middleware\\ValidatePostSize->handle()
#73 /var/www/html/DACN_LV/vendor/laravel/framework/src/Illuminate/Routing/Pipeline.php(53): Illuminate\\Pipeline\\Pipeline->Illuminate\\Pipeline\\{closure}()
#74 /var/www/html/DACN_LV/vendor/laravel/framework/src/Illuminate/Foundation/Http/Middleware/CheckForMaintenanceMode.php(62): Illuminate\\Routing\\Pipeline->Illuminate\\Routing\\{closure}()
#75 /var/www/html/DACN_LV/vendor/laravel/framework/src/Illuminate/Pipeline/Pipeline.php(163): Illuminate\\Foundation\\Http\\Middleware\\CheckForMaintenanceMode->handle()
#76 /var/www/html/DACN_LV/vendor/laravel/framework/src/Illuminate/Routing/Pipeline.php(53): Illuminate\\Pipeline\\Pipeline->Illuminate\\Pipeline\\{closure}()
#77 /var/www/html/DACN_LV/app/Http/Middleware/RedirectToInstaller.php(32): Illuminate\\Routing\\Pipeline->Illuminate\\Routing\\{closure}()
#78 /var/www/html/DACN_LV/vendor/laravel/framework/src/Illuminate/Pipeline/Pipeline.php(163): App\\Http\\Middleware\\RedirectToInstaller->handle()
#79 /var/www/html/DACN_LV/vendor/laravel/framework/src/Illuminate/Routing/Pipeline.php(53): Illuminate\\Pipeline\\Pipeline->Illuminate\\Pipeline\\{closure}()
#80 /var/www/html/DACN_LV/vendor/laravel/framework/src/Illuminate/Pipeline/Pipeline.php(104): Illuminate\\Routing\\Pipeline->Illuminate\\Routing\\{closure}()
#81 /var/www/html/DACN_LV/vendor/laravel/framework/src/Illuminate/Foundation/Http/Kernel.php(151): Illuminate\\Pipeline\\Pipeline->then()
#82 /var/www/html/DACN_LV/vendor/laravel/framework/src/Illuminate/Foundation/Http/Kernel.php(116): Illuminate\\Foundation\\Http\\Kernel->sendRequestThroughRouter()
#83 /var/www/html/DACN_LV/public/index.php(55): Illuminate\\Foundation\\Http\\Kernel->handle()
#84 /var/www/html/DACN_LV/server.php(21): require_once('/var/www/html/D...')
#85 {main}
"} 
